# JRE version: OpenJDK Runtime Environment (8.0_242-b01) (build 1.8.0_242-release-1644-b01)
# Java VM: OpenJDK 64-Bit Server VM (25.242-b01 mixed mode windows-amd64 compressed oops)
Heap:
 PSYoungGen      total 665600K, used 55553K [0x00000000d5580000, 0x0000000100000000, 0x0000000100000000)
  eden space 639488K, 4% used [0x00000000d5580000,0x00000000d72644d8,0x00000000fc600000)
  from space 26112K, 99% used [0x00000000fc600000,0x00000000fdf5c088,0x00000000fdf80000)
  to   space 32768K, 0% used [0x00000000fe000000,0x00000000fe000000,0x0000000100000000)
 ParOldGen       total 90112K, used 43822K [0x0000000080000000, 0x0000000085800000, 0x00000000d5580000)
  object space 90112K, 48% used [0x0000000080000000,0x0000000082acbb18,0x0000000085800000)
 Metaspace       used 85321K, capacity 89664K, committed 89880K, reserved 1126400K
  class space    used 11176K, capacity 12024K, committed 12080K, reserved 1048576K
GC Heap History (10 events):
Event: 29.827 GC heap before
{Heap before GC invocations=10 (full 2):
 PSYoungGen      total 276992K, used 261120K [0x00000000d5580000, 0x00000000f3400000, 0x0000000100000000)
  eden space 261120K, 100% used [0x00000000d5580000,0x00000000e5480000,0x00000000e5480000)
  from space 15872K, 0% used [0x00000000e5480000,0x00000000e5480000,0x00000000e6400000)
  to   space 15360K, 0% used [0x00000000f2500000,0x00000000f2500000,0x00000000f3400000)
 ParOldGen       total 67072K, used 15036K [0x0000000080000000, 0x0000000084180000, 0x00000000d5580000)
  object space 67072K, 22% used [0x0000000080000000,0x0000000080eaf080,0x0000000084180000)
 Metaspace       used 56425K, capacity 58426K, committed 58672K, reserved 1099776K
  class space    used 7732K, capacity 8202K, committed 8240K, reserved 1048576K
Event: 29.864 GC heap after
Heap after GC invocations=10 (full 2):
 PSYoungGen      total 465920K, used 15356K [0x00000000d5580000, 0x00000000f3e00000, 0x0000000100000000)
  eden space 450560K, 0% used [0x00000000d5580000,0x00000000d5580000,0x00000000f0d80000)
  from space 15360K, 99% used [0x00000000f2500000,0x00000000f33ff330,0x00000000f3400000)
  to   space 24064K, 0% used [0x00000000f0d80000,0x00000000f0d80000,0x00000000f2500000)
 ParOldGen       total 67072K, used 30163K [0x0000000080000000, 0x0000000084180000, 0x00000000d5580000)
  object space 67072K, 44% used [0x0000000080000000,0x0000000081d74ed8,0x0000000084180000)
 Metaspace       used 56425K, capacity 58426K, committed 58672K, reserved 1099776K
  class space    used 7732K, capacity 8202K, committed 8240K, reserved 1048576K
}
Event: 29.991 GC heap before
{Heap before GC invocations=11 (full 2):
 PSYoungGen      total 465920K, used 25324K [0x00000000d5580000, 0x00000000f3e00000, 0x0000000100000000)
  eden space 450560K, 2% used [0x00000000d5580000,0x00000000d5f3bf28,0x00000000f0d80000)
  from space 15360K, 99% used [0x00000000f2500000,0x00000000f33ff330,0x00000000f3400000)
  to   space 24064K, 0% used [0x00000000f0d80000,0x00000000f0d80000,0x00000000f2500000)
 ParOldGen       total 67072K, used 30163K [0x0000000080000000, 0x0000000084180000, 0x00000000d5580000)
  object space 67072K, 44% used [0x0000000080000000,0x0000000081d74ed8,0x0000000084180000)
 Metaspace       used 57050K, capacity 58990K, committed 59160K, reserved 1099776K
  class space    used 7808K, capacity 8238K, committed 8240K, reserved 1048576K
Event: 30.014 GC heap after
Heap after GC invocations=11 (full 2):
 PSYoungGen      total 474624K, used 15882K [0x00000000d5580000, 0x0000000100000000, 0x0000000100000000)
  eden space 450560K, 0% used [0x00000000d5580000,0x00000000d5580000,0x00000000f0d80000)
  from space 24064K, 66% used [0x00000000f0d80000,0x00000000f1d02900,0x00000000f2500000)
  to   space 25088K, 0% used [0x00000000fe780000,0x00000000fe780000,0x0000000100000000)
 ParOldGen       total 67072K, used 30171K [0x0000000080000000, 0x0000000084180000, 0x00000000d5580000)
  object space 67072K, 44% used [0x0000000080000000,0x0000000081d76ed8,0x0000000084180000)
 Metaspace       used 57050K, capacity 58990K, committed 59160K, reserved 1099776K
  class space    used 7808K, capacity 8238K, committed 8240K, reserved 1048576K
}
Event: 30.014 GC heap before
{Heap before GC invocations=12 (full 3):
 PSYoungGen      total 474624K, used 15882K [0x00000000d5580000, 0x0000000100000000, 0x0000000100000000)
  eden space 450560K, 0% used [0x00000000d5580000,0x00000000d5580000,0x00000000f0d80000)
  from space 24064K, 66% used [0x00000000f0d80000,0x00000000f1d02900,0x00000000f2500000)
  to   space 25088K, 0% used [0x00000000fe780000,0x00000000fe780000,0x0000000100000000)
 ParOldGen       total 67072K, used 30171K [0x0000000080000000, 0x0000000084180000, 0x00000000d5580000)
  object space 67072K, 44% used [0x0000000080000000,0x0000000081d76ed8,0x0000000084180000)
 Metaspace       used 57050K, capacity 58990K, committed 59160K, reserved 1099776K
  class space    used 7808K, capacity 8238K, committed 8240K, reserved 1048576K
Event: 30.273 GC heap after
Heap after GC invocations=12 (full 3):
 PSYoungGen      total 474624K, used 0K [0x00000000d5580000, 0x0000000100000000, 0x0000000100000000)
  eden space 450560K, 0% used [0x00000000d5580000,0x00000000d5580000,0x00000000f0d80000)
  from space 24064K, 0% used [0x00000000f0d80000,0x00000000f0d80000,0x00000000f2500000)
  to   space 25088K, 0% used [0x00000000fe780000,0x00000000fe780000,0x0000000100000000)
 ParOldGen       total 90112K, used 28122K [0x0000000080000000, 0x0000000085800000, 0x00000000d5580000)
  object space 90112K, 31% used [0x0000000080000000,0x0000000081b76898,0x0000000085800000)
 Metaspace       used 57045K, capacity 58972K, committed 59160K, reserved 1099776K
  class space    used 7806K, capacity 8235K, committed 8240K, reserved 1048576K
}
Event: 564.301 GC heap before
{Heap before GC invocations=13 (full 3):
 PSYoungGen      total 474624K, used 450560K [0x00000000d5580000, 0x0000000100000000, 0x0000000100000000)
  eden space 450560K, 100% used [0x00000000d5580000,0x00000000f0d80000,0x00000000f0d80000)
  from space 24064K, 0% used [0x00000000f0d80000,0x00000000f0d80000,0x00000000f2500000)
  to   space 25088K, 0% used [0x00000000fe780000,0x00000000fe780000,0x0000000100000000)
 ParOldGen       total 90112K, used 28122K [0x0000000080000000, 0x0000000085800000, 0x00000000d5580000)
  object space 90112K, 31% used [0x0000000080000000,0x0000000081b76898,0x0000000085800000)
 Metaspace       used 69784K, capacity 72886K, committed 73112K, reserved 1112064K
  class space    used 9212K, capacity 9884K, committed 9904K, reserved 1048576K
Event: 564.388 GC heap after
Heap after GC invocations=13 (full 3):
 PSYoungGen      total 664576K, used 25068K [0x00000000d5580000, 0x0000000100000000, 0x0000000100000000)
  eden space 639488K, 0% used [0x00000000d5580000,0x00000000d5580000,0x00000000fc600000)
  from space 25088K, 99% used [0x00000000fe780000,0x00000000ffffb000,0x0000000100000000)
  to   space 29696K, 0% used [0x00000000fc600000,0x00000000fc600000,0x00000000fe300000)
 ParOldGen       total 90112K, used 30890K [0x0000000080000000, 0x0000000085800000, 0x00000000d5580000)
  object space 90112K, 34% used [0x0000000080000000,0x0000000081e2a890,0x0000000085800000)
 Metaspace       used 69784K, capacity 72886K, committed 73112K, reserved 1112064K
  class space    used 9212K, capacity 9884K, committed 9904K, reserved 1048576K
}
Event: 1513.634 GC heap before
{Heap before GC invocations=14 (full 3):
 PSYoungGen      total 664576K, used 664556K [0x00000000d5580000, 0x0000000100000000, 0x0000000100000000)
  eden space 639488K, 100% used [0x00000000d5580000,0x00000000fc600000,0x00000000fc600000)
  from space 25088K, 99% used [0x00000000fe780000,0x00000000ffffb000,0x0000000100000000)
  to   space 29696K, 0% used [0x00000000fc600000,0x00000000fc600000,0x00000000fe300000)
 ParOldGen       total 90112K, used 30890K [0x0000000080000000, 0x0000000085800000, 0x00000000d5580000)
  object space 90112K, 34% used [0x0000000080000000,0x0000000081e2a890,0x0000000085800000)
 Metaspace       used 83773K, capacity 87842K, committed 88088K, reserved 1126400K
  class space    used 10966K, capacity 11776K, committed 11824K, reserved 1048576K
Event: 1513.699 GC heap after
Heap after GC invocations=14 (full 3):
 PSYoungGen      total 665600K, used 25968K [0x00000000d5580000, 0x0000000100000000, 0x0000000100000000)
  eden space 639488K, 0% used [0x00000000d5580000,0x00000000d5580000,0x00000000fc600000)
  from space 26112K, 99% used [0x00000000fc600000,0x00000000fdf5c088,0x00000000fdf80000)
  to   space 32768K, 0% used [0x00000000fe000000,0x00000000fe000000,0x0000000100000000)
 ParOldGen       total 90112K, used 43822K [0x0000000080000000, 0x0000000085800000, 0x00000000d5580000)
  object space 90112K, 48% used [0x0000000080000000,0x0000000082acbb18,0x0000000085800000)
 Metaspace       used 83773K, capacity 87842K, committed 88088K, reserved 1126400K
  class space    used 10966K, capacity 11776K, committed 11824K, reserved 1048576K
}

